2020-01-20T14:41:05.506Z - info: Website generation started at 10:41:05 PM
2020-01-20T14:41:09.720Z - info: Building assets...
2020-01-20T14:41:13.074Z - info: Assets built
2020-01-20T14:41:13.074Z - info: Generating pages...
2020-01-20T14:41:49.368Z - debug: The process cannot access the file because it is being used by another process.

2020-01-20T14:41:49.378Z - debug: The process cannot access the file because it is being used by another process.

2020-01-20T14:41:49.381Z - debug: The process cannot access the file because it is being used by another process.

2020-01-20T14:41:49.408Z - debug: The process cannot access the file because it is being used by another process.

2020-01-20T14:41:49.410Z - debug: The process cannot access the file because it is being used by another process.

2020-01-20T14:41:49.412Z - debug: The process cannot access the file because it is being used by another process.

2020-01-20T14:41:49.418Z - debug: The process cannot access the file because it is being used by another process.

2020-01-20T14:41:49.425Z - debug: The process cannot access the file because it is being used by another process.

2020-01-20T14:42:04.300Z - debug:  
2020-01-20T14:42:04.300Z - debug:  
2020-01-20T14:42:04.300Z - debug:  
2020-01-20T14:42:36.131Z - info: Pages built
2020-01-20T14:42:52.479Z - info: Website generation complete! Total build time: 106.976s
2020-01-20T14:42:52.483Z - info: Build success!
2020-01-20T14:42:52.490Z - info: Site data built
2020-01-20T14:45:46.504Z - info: Deployed!
2020-01-20T15:00:10.754Z - info: Website generation started at 11:00:09 PM
2020-01-20T15:00:15.098Z - info: Building assets...
